<?xml version="1.0" encoding="UTF-8"?>
<!-- Generated by org.testng.reporters.JUnitReportReporter -->
<testsuite hostname="DESKTOP-9SS8G4J" failures="0" tests="2" name="vtiger.practices.TestNgPractices" time="0.019" errors="0" timestamp="2023-07-30T20:00:44 IST" skipped="0">
  <testcase classname="vtiger.practices.TestNgPractices" name="modifedCustomer" time="0.002"/>
  <system-out/>
  <testcase classname="vtiger.practices.TestNgPractices" name="modifedCustomer" time="0.017"/>
  <system-out/>
</testsuite> <!-- vtiger.practices.TestNgPractices -->
